<?xml version="1.0" encoding="UTF-8"?>
<!-- Generated by org.testng.reporters.JUnitXMLReporter -->
<testsuite hostname="ADMIN-PC" name="Default test" tests="12" failures="0" timestamp="4 Sep 2016 10:27:57 GMT" time="0.87" errors="0">
  <testcase name="testCaseOne" time="0.349" classname="testScripts.SmokeTests"/>
  <testcase name="testCaseOne" time="0.35" classname="testScripts.SmokeTests"/>
  <testcase name="testCaseOne" time="0.35" classname="testScripts.SmokeTests"/>
  <testcase name="testCaseOne" time="0.351" classname="testScripts.SmokeTests"/>
  <testcase name="testCaseThree" time="0.054" classname="testScripts.SmokeTests"/>
  <testcase name="testCaseThree" time="0.058" classname="testScripts.SmokeTests"/>
  <testcase name="testCaseThree" time="0.063" classname="testScripts.SmokeTests"/>
  <testcase name="testCaseThree" time="0.065" classname="testScripts.SmokeTests"/>
  <testcase name="testCaseTwo" time="0.049" classname="testScripts.SmokeTests"/>
  <testcase name="testCaseTwo" time="0.059" classname="testScripts.SmokeTests"/>
  <testcase name="testCaseTwo" time="0.07" classname="testScripts.SmokeTests"/>
  <testcase name="testCaseTwo" time="0.075" classname="testScripts.SmokeTests"/>
</testsuite> <!-- Default test -->
