<?xml version="1.0" encoding="UTF-8"?>
<!-- Generated by org.testng.reporters.JUnitXMLReporter -->
<testsuite hostname="ADMIN-PC" name="SmokeTest" tests="4" failures="0" timestamp="4 Sep 2016 09:00:06 GMT" time="0.826" errors="0">
  <testcase name="testCaseOne" time="0.621" classname="testScripts.SmokeTests"/>
  <testcase name="testCaseOne" time="0.621" classname="testScripts.SmokeTests"/>
  <testcase name="testCaseOne" time="0.621" classname="testScripts.SmokeTests"/>
  <testcase name="testCaseOne" time="0.671" classname="testScripts.SmokeTests"/>
</testsuite> <!-- SmokeTest -->
