<?xml version="1.0" encoding="UTF-8"?>
<!-- Generated by org.testng.reporters.JUnitXMLReporter -->
<testsuite hostname="ADMIN-PC" name="SmokeTest" tests="7" failures="0" timestamp="5 Sep 2016 11:53:51 GMT" time="0.865" errors="0">
  <testcase name="simpleTest" time="0.293" classname="testScripts.SmokeTests"/>
  <testcase name="cityCoordTest" time="0.055" classname="testScripts.SmokeTests"/>
  <testcase name="cityMaintest" time="0.053" classname="testScripts.SmokeTests"/>
  <testcase name="testCaseExcelDataProvider" time="0.061" classname="testScripts.SmokeTests"/>
  <testcase name="testCaseExcelDataProvider" time="0.088" classname="testScripts.SmokeTests"/>
  <testcase name="testCaseExcelDataProvider" time="0.106" classname="testScripts.SmokeTests"/>
  <testcase name="testCaseExcelDataProvider" time="0.109" classname="testScripts.SmokeTests"/>
</testsuite> <!-- SmokeTest -->
